<?xml version="1.0" encoding="utf-8"?><testsuites name="pytest tests"><testsuite name="pytest" errors="0" failures="0" skipped="0" tests="10" time="4.599" timestamp="2026-08-24T08:42:36.019502+00:00" hostname="agent-env-9703fd91-2f1b-4df1-8574-38c0f44d265f"><testcase classname="backend.tests.test_analyze_motion" name="test_analyze_motion_empty_body_returns_422" time="0.313" /><testcase classname="backend.tests.test_analyze_motion" name="test_analyze_motion_empty_image_string_returns_400" time="0.059" /><testcase classname="backend.tests.test_analyze_motion" name="test_analyze_motion_valid_jpeg_returns_full_payload" time="1.709" /><testcase classname="backend.tests.test_analyze_motion" name="test_analyze_motion_data_uri_prefix_supported" time="1.855" /><testcase classname="backend.tests.test_cors" name="test_cors_preflight_allows_cross_origin" time="0.085" /><testcase classname="backend.tests.test_cors" name="test_cors_actual_get_includes_allow_origin_header" time="0.151" /><testcase classname="backend.tests.test_motionalert_backend" name="test_root_hello_world" time="0.117" /><testcase classname="backend.tests.test_motionalert_backend" name="test_status_get_list" time="0.060" /><testcase classname="backend.tests.test_motionalert_backend" name="test_status_create_and_persist" time="0.122" /><testcase classname="backend.tests.test_motionalert_backend" name="test_status_create_validation_error" time="0.062" /></testsuite></testsuites>