<?xml version="1.0" encoding="utf-8"?><testsuites name="pytest tests"><testsuite name="pytest" errors="0" failures="0" skipped="0" tests="4" time="0.503" timestamp="2026-07-15T03:36:14.969284+00:00" hostname="agent-env-9703fd91-2f1b-4df1-8574-38c0f44d265f"><testcase classname="backend.tests.test_motionalert_backend" name="test_root_hello_world" time="0.173" /><testcase classname="backend.tests.test_motionalert_backend" name="test_status_get_list" time="0.066" /><testcase classname="backend.tests.test_motionalert_backend" name="test_status_create_and_persist" time="0.144" /><testcase classname="backend.tests.test_motionalert_backend" name="test_status_create_validation_error" time="0.072" /></testsuite></testsuites>